2026-02-20 09:56:24,437 [INFO] ============================================================
2026-02-20 09:56:24,438 [INFO] AI Roland 守护进程启动
2026-02-20 09:56:24,438 [INFO] ============================================================
2026-02-20 09:56:24,438 [INFO] 工作区: D:\ClaudeWork\AI_Roland
2026-02-20 09:56:24,438 [INFO] 心跳间隔: 60秒
2026-02-20 09:56:24,438 [INFO] Cron检查间隔: 30秒
2026-02-20 09:56:24,438 [INFO] 
2026-02-20 09:56:24,439 [INFO] [Heartbeat] 心跳 #1
2026-02-20 09:56:24,440 [INFO] [OK] 守护进程已启动，所有功能线程已开启
2026-02-20 09:56:24,441 [INFO] 
2026-02-20 09:56:24,441 [INFO] [Thinking] 检测到 3 个紧急任务
2026-02-20 09:57:24,441 [INFO] [Heartbeat] 心跳 #2
2026-02-20 09:57:24,443 [INFO] [Thinking] 检测到 3 个紧急任务
2026-02-20 09:58:24,444 [INFO] [Heartbeat] 心跳 #3
2026-02-20 09:58:24,447 [INFO] [Thinking] 检测到 3 个紧急任务
2026-02-20 16:18:43,910 [INFO] ============================================================
2026-02-20 16:18:43,910 [INFO] AI Roland 守护进程启动
2026-02-20 16:18:43,910 [INFO] ============================================================
2026-02-20 16:18:43,910 [INFO] 工作区: D:\ClaudeWork\AI_Roland
2026-02-20 16:18:43,911 [INFO] 心跳间隔: 60秒
2026-02-20 16:18:43,911 [INFO] Cron检查间隔: 30秒
2026-02-20 16:18:43,911 [INFO] 
2026-02-20 16:18:43,912 [INFO] [Heartbeat] 心跳 #4
2026-02-20 16:18:43,913 [INFO] [OK] 守护进程已启动，所有功能线程已开启
2026-02-20 16:18:43,913 [INFO] 
2026-02-20 16:18:43,913 [INFO] [Thinking] 检测到 5 个紧急任务
2026-02-20 16:19:43,914 [INFO] [Heartbeat] 心跳 #5
2026-02-20 16:19:43,916 [INFO] [Thinking] 检测到 5 个紧急任务
2026-02-20 16:20:43,918 [INFO] [Heartbeat] 心跳 #6
2026-02-20 16:20:43,919 [INFO] [Thinking] 检测到 5 个紧急任务
2026-02-20 16:21:43,920 [INFO] [Heartbeat] 心跳 #7
2026-02-20 16:21:43,924 [INFO] [Thinking] 检测到 5 个紧急任务
2026-02-20 16:22:43,925 [INFO] [Heartbeat] 心跳 #8
2026-02-20 16:22:43,929 [INFO] [Thinking] 检测到 5 个紧急任务
2026-02-20 16:23:43,930 [INFO] [Heartbeat] 心跳 #9
2026-02-20 16:23:43,931 [INFO] [Thinking] 检测到 5 个紧急任务
2026-02-20 16:24:43,933 [INFO] [Heartbeat] 心跳 #10
2026-02-20 16:24:43,934 [INFO] [Thinking] 检测到 5 个紧急任务
2026-02-20 16:25:43,935 [INFO] [Heartbeat] 心跳 #11
2026-02-20 16:25:43,995 [INFO] [Thinking] 检测到 5 个紧急任务
2026-02-20 16:26:44,010 [INFO] [Heartbeat] 心跳 #12
2026-02-20 16:26:44,024 [INFO] [Thinking] 检测到 5 个紧急任务
2026-02-20 16:27:44,024 [INFO] [Heartbeat] 心跳 #13
2026-02-20 16:27:44,026 [INFO] [Thinking] 检测到 5 个紧急任务
2026-02-20 16:28:44,050 [INFO] [Heartbeat] 心跳 #14
2026-02-20 16:28:44,128 [INFO] [Thinking] 检测到 5 个紧急任务
2026-02-20 16:29:44,129 [INFO] [Heartbeat] 心跳 #15
2026-02-20 16:29:44,131 [INFO] [Thinking] 检测到 5 个紧急任务
2026-02-20 16:30:44,200 [INFO] [Heartbeat] 心跳 #16
2026-02-20 16:30:44,202 [INFO] [Thinking] 检测到 5 个紧急任务
2026-02-20 16:31:44,203 [INFO] [Heartbeat] 心跳 #17
2026-02-20 16:31:44,204 [INFO] [Thinking] 检测到 5 个紧急任务
2026-02-20 16:32:44,205 [INFO] [Heartbeat] 心跳 #18
2026-02-20 16:32:44,207 [INFO] [Thinking] 检测到 5 个紧急任务
2026-02-20 16:33:44,208 [INFO] [Heartbeat] 心跳 #19
2026-02-20 16:33:44,209 [INFO] [Thinking] 检测到 5 个紧急任务
2026-02-20 16:34:44,209 [INFO] [Heartbeat] 心跳 #20
2026-02-20 16:34:44,210 [INFO] [Thinking] 检测到 5 个紧急任务
2026-02-20 16:35:44,211 [INFO] [Heartbeat] 心跳 #21
2026-02-20 16:35:44,213 [INFO] [Thinking] 检测到 5 个紧急任务
2026-02-20 16:36:44,214 [INFO] [Heartbeat] 心跳 #22
2026-02-20 16:36:44,218 [INFO] [Thinking] 检测到 5 个紧急任务
2026-02-20 16:37:44,218 [INFO] [Heartbeat] 心跳 #23
2026-02-20 16:37:44,220 [INFO] [Thinking] 检测到 5 个紧急任务
2026-02-20 16:38:44,221 [INFO] [Heartbeat] 心跳 #24
2026-02-20 16:38:44,223 [INFO] [Thinking] 检测到 1 个紧急任务
2026-02-20 16:40:18,949 [INFO] ============================================================
2026-02-20 16:40:18,949 [INFO] AI Roland 守护进程启动
2026-02-20 16:40:18,949 [INFO] ============================================================
2026-02-20 16:40:18,949 [INFO] 工作区: D:\ClaudeWork\AI_Roland
2026-02-20 16:40:18,949 [INFO] 心跳间隔: 60秒
2026-02-20 16:40:18,949 [INFO] Cron检查间隔: 30秒
2026-02-20 16:40:18,949 [INFO] 
2026-02-20 16:40:18,950 [INFO] [Heartbeat] 心跳 #25
2026-02-20 16:40:18,952 [INFO] [OK] 守护进程已启动，所有功能线程已开启
2026-02-20 16:40:18,952 [INFO] 
2026-02-20 16:40:18,960 [INFO] [Thinking] 检测到 1 个紧急任务
2026-02-20 16:41:18,961 [INFO] [Heartbeat] 心跳 #26
2026-02-20 16:41:18,980 [INFO] [Thinking] 检测到 1 个紧急任务
2026-02-20 16:42:18,981 [INFO] [Heartbeat] 心跳 #27
2026-02-20 16:42:19,021 [INFO] [Thinking] 检测到 1 个紧急任务
2026-02-20 16:43:19,022 [INFO] [Heartbeat] 心跳 #28
2026-02-20 16:43:19,025 [INFO] [Thinking] 检测到 1 个紧急任务
2026-02-20 16:44:19,027 [INFO] [Heartbeat] 心跳 #29
2026-02-20 16:44:19,030 [INFO] [Thinking] 检测到 1 个紧急任务
2026-02-20 16:45:19,031 [INFO] [Heartbeat] 心跳 #30
2026-02-20 16:45:19,034 [INFO] [Thinking] 检测到 1 个紧急任务
2026-02-20 16:46:19,038 [INFO] [Heartbeat] 心跳 #31
2026-02-20 16:46:19,044 [INFO] [Thinking] 检测到 1 个紧急任务
2026-02-20 16:47:19,045 [INFO] [Heartbeat] 心跳 #32
2026-02-20 16:47:19,070 [INFO] [Thinking] 检测到 1 个紧急任务
2026-02-20 16:48:19,071 [INFO] [Heartbeat] 心跳 #33
2026-02-20 16:48:19,075 [INFO] [Thinking] 检测到 1 个紧急任务
2026-02-20 16:49:19,076 [INFO] [Heartbeat] 心跳 #34
2026-02-20 16:49:19,081 [INFO] [Thinking] 检测到 1 个紧急任务
2026-02-20 16:50:19,081 [INFO] [Heartbeat] 心跳 #35
2026-02-20 16:50:19,087 [INFO] [Thinking] 检测到 1 个紧急任务
2026-02-20 16:51:19,088 [INFO] [Heartbeat] 心跳 #36
2026-02-20 16:51:19,158 [INFO] [Thinking] 检测到 1 个紧急任务
2026-02-20 16:52:19,159 [INFO] [Heartbeat] 心跳 #37
2026-02-20 16:52:19,162 [INFO] [Thinking] 检测到 1 个紧急任务
2026-02-20 16:53:19,162 [INFO] [Heartbeat] 心跳 #38
2026-02-20 16:53:19,169 [INFO] [Thinking] 检测到 1 个紧急任务
2026-02-20 16:54:19,193 [INFO] [Heartbeat] 心跳 #39
2026-02-20 16:54:19,210 [INFO] [Thinking] 检测到 1 个紧急任务
2026-02-20 16:55:19,211 [INFO] [Heartbeat] 心跳 #40
2026-02-20 16:55:19,214 [INFO] [Thinking] 检测到 1 个紧急任务
2026-02-20 16:56:19,214 [INFO] [Heartbeat] 心跳 #41
2026-02-20 16:56:19,218 [INFO] [Thinking] 检测到 1 个紧急任务
2026-02-20 16:57:19,218 [INFO] [Heartbeat] 心跳 #42
2026-02-20 16:57:19,222 [INFO] [Thinking] 检测到 1 个紧急任务
2026-02-20 16:58:19,290 [INFO] [Heartbeat] 心跳 #43
2026-02-20 16:58:19,294 [INFO] [Thinking] 检测到 1 个紧急任务
2026-02-20 16:59:19,295 [INFO] [Heartbeat] 心跳 #44
2026-02-20 16:59:19,298 [INFO] [Thinking] 检测到 1 个紧急任务
2026-02-20 17:00:19,298 [INFO] [Heartbeat] 心跳 #45
2026-02-20 17:00:19,302 [INFO] [Thinking] 检测到 1 个紧急任务
2026-02-20 17:01:19,303 [INFO] [Heartbeat] 心跳 #46
2026-02-20 17:01:19,323 [INFO] [Thinking] 检测到 1 个紧急任务
2026-02-20 17:02:19,334 [INFO] [Heartbeat] 心跳 #47
2026-02-20 17:02:19,344 [INFO] [Thinking] 检测到 1 个紧急任务
2026-02-20 17:03:19,345 [INFO] [Heartbeat] 心跳 #48
2026-02-20 17:03:19,542 [INFO] [Thinking] 检测到 1 个紧急任务
2026-02-20 17:04:19,550 [INFO] [Heartbeat] 心跳 #49
2026-02-20 17:04:19,578 [INFO] [Thinking] 检测到 1 个紧急任务
2026-02-20 17:05:19,668 [INFO] [Heartbeat] 心跳 #50
2026-02-20 17:05:19,671 [INFO] [Thinking] 检测到 1 个紧急任务
2026-02-20 17:06:19,671 [INFO] [Heartbeat] 心跳 #51
2026-02-20 17:06:19,698 [INFO] [Thinking] 检测到 1 个紧急任务
2026-02-20 17:11:19,030 [INFO] [Heartbeat] 心跳 #52
2026-02-20 17:11:19,033 [INFO] [Thinking] 检测到 1 个紧急任务
2026-02-20 17:12:19,258 [INFO] [Heartbeat] 心跳 #53
2026-02-20 17:12:19,426 [INFO] [Thinking] 检测到 1 个紧急任务
2026-02-20 17:13:19,452 [INFO] [Heartbeat] 心跳 #54
2026-02-20 17:13:19,466 [INFO] [Thinking] 检测到 1 个紧急任务
2026-02-20 17:14:19,467 [INFO] [Heartbeat] 心跳 #55
2026-02-20 17:14:19,471 [INFO] [Thinking] 检测到 1 个紧急任务
2026-02-20 17:15:19,473 [INFO] [Heartbeat] 心跳 #56
2026-02-20 17:15:19,480 [INFO] [Thinking] 检测到 1 个紧急任务
2026-02-20 17:16:19,482 [INFO] [Heartbeat] 心跳 #57
2026-02-20 17:16:19,485 [INFO] [Thinking] 检测到 1 个紧急任务
2026-02-20 17:17:19,486 [INFO] [Heartbeat] 心跳 #58
2026-02-20 17:17:19,489 [INFO] [Thinking] 检测到 1 个紧急任务
2026-02-20 17:18:19,490 [INFO] [Heartbeat] 心跳 #59
2026-02-20 17:18:19,493 [INFO] [Thinking] 检测到 1 个紧急任务
2026-02-20 19:29:57,595 [INFO] [Heartbeat] 心跳 #60
2026-02-20 19:29:57,621 [INFO] [Thinking] 检测到 1 个紧急任务
2026-02-20 19:30:57,621 [INFO] [Heartbeat] 心跳 #61
2026-02-20 19:30:57,624 [INFO] [Thinking] 检测到 1 个紧急任务
2026-02-20 19:31:57,625 [INFO] [Heartbeat] 心跳 #62
2026-02-20 19:31:57,628 [INFO] [Thinking] 检测到 1 个紧急任务
2026-02-20 19:32:57,629 [INFO] [Heartbeat] 心跳 #63
2026-02-20 19:32:57,632 [INFO] [Thinking] 检测到 1 个紧急任务
2026-02-20 19:33:57,632 [INFO] [Heartbeat] 心跳 #64
2026-02-20 19:33:57,635 [INFO] [Thinking] 检测到 1 个紧急任务
2026-02-20 19:34:57,636 [INFO] [Heartbeat] 心跳 #65
2026-02-20 19:34:57,639 [INFO] [Thinking] 检测到 1 个紧急任务
2026-02-20 19:35:57,642 [INFO] [Heartbeat] 心跳 #66
2026-02-20 19:35:57,646 [INFO] [Thinking] 检测到 1 个紧急任务
2026-02-20 19:36:57,647 [INFO] [Heartbeat] 心跳 #67
2026-02-20 19:36:57,651 [INFO] [Thinking] 检测到 1 个紧急任务
2026-02-20 19:37:57,738 [INFO] [Heartbeat] 心跳 #68
2026-02-20 19:37:57,754 [INFO] [Thinking] 检测到 1 个紧急任务
2026-02-20 19:38:57,754 [INFO] [Heartbeat] 心跳 #69
2026-02-20 19:38:57,784 [INFO] [Thinking] 检测到 1 个紧急任务
2026-02-20 19:39:57,786 [INFO] [Heartbeat] 心跳 #70
2026-02-20 19:39:57,791 [INFO] [Thinking] 检测到 1 个紧急任务
2026-02-20 19:40:57,792 [INFO] [Heartbeat] 心跳 #71
2026-02-20 19:40:57,795 [INFO] [Thinking] 检测到 1 个紧急任务
2026-02-20 19:41:57,796 [INFO] [Heartbeat] 心跳 #72
2026-02-20 19:41:57,799 [INFO] [Thinking] 检测到 1 个紧急任务
2026-02-20 19:42:57,853 [INFO] [Heartbeat] 心跳 #73
2026-02-20 19:42:57,892 [INFO] [Thinking] 检测到 1 个紧急任务
2026-02-20 19:43:57,910 [INFO] [Heartbeat] 心跳 #74
2026-02-20 19:43:57,920 [INFO] [Thinking] 检测到 1 个紧急任务
2026-02-20 19:44:57,930 [INFO] [Heartbeat] 心跳 #75
2026-02-20 19:44:57,962 [INFO] [Thinking] 检测到 1 个紧急任务
2026-02-20 19:45:57,962 [INFO] [Heartbeat] 心跳 #76
2026-02-20 19:45:57,965 [INFO] [Thinking] 检测到 1 个紧急任务
2026-02-20 19:46:57,966 [INFO] [Heartbeat] 心跳 #77
2026-02-20 19:46:57,972 [INFO] [Thinking] 检测到 1 个紧急任务
2026-02-20 19:47:57,973 [INFO] [Heartbeat] 心跳 #78
2026-02-20 19:47:57,975 [INFO] [Thinking] 检测到 1 个紧急任务
2026-02-20 19:48:57,977 [INFO] [Heartbeat] 心跳 #79
2026-02-20 19:48:57,979 [INFO] [Thinking] 检测到 1 个紧急任务
2026-02-20 19:49:57,980 [INFO] [Heartbeat] 心跳 #80
2026-02-20 19:49:57,983 [INFO] [Thinking] 检测到 1 个紧急任务
2026-02-20 19:50:57,984 [INFO] [Heartbeat] 心跳 #81
2026-02-20 19:50:57,988 [INFO] [Thinking] 检测到 1 个紧急任务
2026-02-20 19:51:57,989 [INFO] [Heartbeat] 心跳 #82
2026-02-20 19:51:57,992 [INFO] [Thinking] 检测到 1 个紧急任务
2026-02-20 19:52:57,992 [INFO] [Heartbeat] 心跳 #83
2026-02-20 19:52:57,995 [INFO] [Thinking] 检测到 1 个紧急任务
2026-02-20 19:53:57,996 [INFO] [Heartbeat] 心跳 #84
2026-02-20 19:53:57,999 [INFO] [Thinking] 检测到 1 个紧急任务
2026-02-20 19:54:58,000 [INFO] [Heartbeat] 心跳 #85
2026-02-20 19:54:58,005 [INFO] [Thinking] 检测到 1 个紧急任务
2026-02-20 19:55:58,006 [INFO] [Heartbeat] 心跳 #86
2026-02-20 19:55:58,009 [INFO] [Thinking] 检测到 1 个紧急任务
2026-02-20 19:56:58,010 [INFO] [Heartbeat] 心跳 #87
2026-02-20 19:56:58,013 [INFO] [Thinking] 检测到 1 个紧急任务
2026-02-20 19:57:58,014 [INFO] [Heartbeat] 心跳 #88
2026-02-20 19:57:58,017 [INFO] [Thinking] 检测到 1 个紧急任务
2026-02-20 19:58:58,019 [INFO] [Heartbeat] 心跳 #89
2026-02-20 19:58:58,022 [INFO] [Thinking] 检测到 1 个紧急任务
2026-02-20 19:59:58,022 [INFO] [Heartbeat] 心跳 #90
2026-02-20 19:59:58,063 [INFO] [Thinking] 检测到 1 个紧急任务
2026-02-20 20:00:58,064 [INFO] [Heartbeat] 心跳 #91
2026-02-20 20:00:58,066 [INFO] [Thinking] 检测到 1 个紧急任务
2026-02-20 20:01:58,067 [INFO] [Heartbeat] 心跳 #92
2026-02-20 20:01:58,071 [INFO] [Thinking] 检测到 1 个紧急任务
2026-02-20 20:02:58,072 [INFO] [Heartbeat] 心跳 #93
2026-02-20 20:02:58,074 [INFO] [Thinking] 检测到 1 个紧急任务
2026-02-20 20:03:58,075 [INFO] [Heartbeat] 心跳 #94
2026-02-20 20:03:58,125 [INFO] [Thinking] 检测到 1 个紧急任务
2026-02-20 20:04:58,126 [INFO] [Heartbeat] 心跳 #95
2026-02-20 20:04:58,130 [INFO] [Thinking] 检测到 1 个紧急任务
2026-02-20 20:05:58,131 [INFO] [Heartbeat] 心跳 #96
2026-02-20 20:05:58,135 [INFO] [Thinking] 检测到 1 个紧急任务
2026-02-20 20:06:58,146 [INFO] [Heartbeat] 心跳 #97
2026-02-20 20:06:58,256 [INFO] [Thinking] 检测到 1 个紧急任务
2026-02-20 20:07:58,257 [INFO] [Heartbeat] 心跳 #98
2026-02-20 20:07:58,260 [INFO] [Thinking] 检测到 1 个紧急任务
2026-02-20 20:08:58,260 [INFO] [Heartbeat] 心跳 #99
2026-02-20 20:08:58,269 [INFO] [Thinking] 检测到 1 个紧急任务
2026-02-20 20:09:58,270 [INFO] [Heartbeat] 心跳 #100
2026-02-20 20:09:58,279 [INFO] [Thinking] 检测到 1 个紧急任务
2026-02-20 20:10:58,279 [INFO] [Heartbeat] 心跳 #101
2026-02-20 20:10:58,283 [INFO] [Thinking] 检测到 1 个紧急任务
2026-02-20 20:11:58,283 [INFO] [Heartbeat] 心跳 #102
2026-02-20 20:11:58,291 [INFO] [Thinking] 检测到 1 个紧急任务
2026-02-20 20:12:58,292 [INFO] [Heartbeat] 心跳 #103
2026-02-20 20:12:58,296 [INFO] [Thinking] 检测到 1 个紧急任务
2026-02-20 20:13:58,298 [INFO] [Heartbeat] 心跳 #104
2026-02-20 20:13:58,343 [INFO] [Thinking] 检测到 1 个紧急任务
2026-02-20 20:14:58,344 [INFO] [Heartbeat] 心跳 #105
2026-02-20 20:14:58,347 [INFO] [Thinking] 检测到 1 个紧急任务
2026-02-20 20:15:58,348 [INFO] [Heartbeat] 心跳 #106
2026-02-20 20:15:58,351 [INFO] [Thinking] 检测到 1 个紧急任务
2026-02-20 20:16:58,351 [INFO] [Heartbeat] 心跳 #107
2026-02-20 20:16:58,356 [INFO] [Thinking] 检测到 1 个紧急任务
2026-02-20 20:17:58,357 [INFO] [Heartbeat] 心跳 #108
2026-02-20 20:17:58,360 [INFO] [Thinking] 检测到 1 个紧急任务
2026-02-20 20:18:58,361 [INFO] [Heartbeat] 心跳 #109
2026-02-20 20:18:58,364 [INFO] [Thinking] 检测到 1 个紧急任务
2026-02-20 20:19:58,365 [INFO] [Heartbeat] 心跳 #110
2026-02-20 20:19:58,368 [INFO] [Thinking] 检测到 1 个紧急任务
2026-02-20 20:20:58,369 [INFO] [Heartbeat] 心跳 #111
2026-02-20 20:20:58,372 [INFO] [Thinking] 检测到 1 个紧急任务
2026-02-20 20:21:58,373 [INFO] [Heartbeat] 心跳 #112
2026-02-20 20:21:58,377 [INFO] [Thinking] 检测到 1 个紧急任务
